<?xml version="1.0" encoding="UTF-8"?>
<testng-results skipped="0" failed="0" total="1" passed="1">
  <reporter-output>
  </reporter-output>
  <suite name="Default suite" duration-ms="19388" started-at="2017-04-29T14:19:21Z" finished-at="2017-04-29T14:19:40Z">
    <groups>
    </groups>
    <test name="Default test" duration-ms="19388" started-at="2017-04-29T14:19:21Z" finished-at="2017-04-29T14:19:40Z">
      <class name="TestNG.TestCase">
        <test-method status="PASS" signature="Browser()[pri:0, instance:TestNG.TestCase@42e26948]" name="Browser" duration-ms="19357" started-at="2017-04-29T19:49:21Z" finished-at="2017-04-29T19:49:40Z">
          <reporter-output>
          </reporter-output>
        </test-method> <!-- Browser -->
      </class> <!-- TestNG.TestCase -->
    </test> <!-- Default test -->
  </suite> <!-- Default suite -->
</testng-results>
